---------------------------------------
Policy: RCS, Env: Walker2d-v3, Seed: 0
---------------------------------------
Config:  {'policy': 'RCS', 'env': 'Walker2d-v3', 'seed': 0, 'start_timesteps': 1000.0, 'eval_freq': 1000, 'max_timesteps': 200001, 'expl_noise': 0.1, 'batch_size': 256, 'discount': 0.99, 'tau': 0.005, 'policy_noise': 0.2, 'noise_clip': 0.5, 'policy_freq': 2, 'save_model': False, 'save_buffer': 0, 'save_memory': False, 'load_model': '', 'device': 'cuda:0', 'save_model_every': 1000000, 'exp_name': 'k2_alpha_01_beta_05', 'ep_len': 1000, 'alpha': 0.1, 'k': 2, 'substeps': 1, 'prioritized': True, 'beta': 0.5, 'mem_dim': 4, 'estimate_q': False, 'results_dir': 'results', 'order': 1, 'grid_num': 5, 'decay': 0.5, 'repair_scope': 1.0, 'state_min': -10, 'state_max': 10, 'mode': 'state_action'}
Start training...
Start training...
Initialize policy
Configured policy
Evaluate untrained policy
---------------------------------------
Evaluation over 10 episodes: 7.668
---------------------------------------
---------------------------------------
Evaluation over 10 episodes: 7.668
---------------------------------------
/home/lizhuo/miniconda/envs/drl/lib/python3.7/site-packages/gym/core.py:173: DeprecationWarning: [33mWARN: Function `env.seed(seed)` is marked as deprecated and will be removed in the future. Please use `env.reset(seed=seed) instead.[0m
  "Function `env.seed(seed)` is marked as deprecated and will be removed in the future. "
The average performance is : 3.944539272635196  in round  14
The average performance is : 0.08401251141481014  in round  25
The average performance is : -4.513731581666646  in round  46
The average performance is : -1.6660719119568093  in round  55
The average performance is : 2.4512315336029236  in round  71
The average performance is : 1.8131209728660722  in round  105
The average performance is : 4.921453632891958  in round  122
The average performance is : -1.8432005564611857  in round  132
The average performance is : 13.783500131652621  in round  172
The average performance is : 4.251284308843208  in round  189
The average performance is : 2.6312994066919577  in round  203
The average performance is : -4.025108514407399  in round  221
The average performance is : -13.66353184323782  in round  239
The average performance is : 1.129770657563189  in round  251
The average performance is : 2.5124487408480154  in round  310
The average performance is : -4.8007345761538085  in round  330
The average performance is : -0.753968204314961  in round  351
The average performance is : 5.144368556155224  in round  391
The average performance is : 5.666502074521641  in round  418
The average performance is : 1.9482005132777052  in round  433
The average performance is : -6.992217511837208  in round  452
The average performance is : -1.0804186960313202  in round  470
The average performance is : -2.5069813850108593  in round  489
The average performance is : -0.259752900318527  in round  503
The average performance is : 9.561443000249577  in round  535
The average performance is : -1.6680374573182621  in round  552
The average performance is : 1.5953585029242356  in round  566
The average performance is : 4.0716334353454995  in round  584
The average performance is : 0.6657663239224442  in round  602
The average performance is : 0.7750164771683616  in round  623
The average performance is : 6.053749958028907  in round  653
The average performance is : -1.165557771555426  in round  665
The average performance is : -4.2374337050290105  in round  697
The average performance is : 3.0991612218337954  in round  717
The average performance is : 2.9388796882443096  in round  742
The average performance is : 2.7523714840414355  in round  761
The average performance is : -1.5561301714843883  in round  782
The average performance is : 5.817182219849737  in round  802
The average performance is : 5.478022238841126  in round  818
The average performance is : 0.5390355771132181  in round  834
The average performance is : -3.635594037103048  in round  861
The average performance is : -4.488463710166182  in round  877
The average performance is : 0.19651973207479068  in round  892
The average performance is : -1.6640896429172065  in round  901
The average performance is : -4.643650709678594  in round  917
The average performance is : 4.062938166780273  in round  945
The average performance is : 14.660795751061363  in round  984
The average performance is : -1.391578085376048  in round  995
Step  1000
---------------------------------------
Evaluation over 10 episodes: 2.521
---------------------------------------
The average performance is : 1.6309109895476372  in round  1006
The average performance is : 46.241927460849475  in round  1052
The average performance is : 142.41407768742323  in round  1310
The average performance is : 57.60370046385741  in round  1480
The average performance is : 97.85346799624493  in round  1618
The average performance is : 93.52940452412847  in round  1770
The average performance is : 110.46256424849061  in round  1918
Step  2000
---------------------------------------
Evaluation over 10 episodes: 89.191
---------------------------------------
The average performance is : 93.24760653979065  in round  2068
The average performance is : 74.06523963032478  in round  2177
The average performance is : 60.07233779180028  in round  2266
The average performance is : 91.72556705306768  in round  2404
The average performance is : 82.4606747304155  in round  2543
The average performance is : 57.48359694667484  in round  2636
The average performance is : 59.4301543632998  in round  2723
The average performance is : 95.19513049761744  in round  2871
Step  3000
---------------------------------------
Evaluation over 10 episodes: 281.268
---------------------------------------
The average performance is : 309.1579238256397  in round  3059
The average performance is : 355.5693217021981  in round  3293
The average performance is : 278.4881745521591  in round  3451
The average performance is : 275.1152662067331  in round  3607
The average performance is : 298.0139465323414  in round  3784
The average performance is : 283.38200036023244  in round  3946
Step  4000
---------------------------------------
Evaluation over 10 episodes: 314.282
---------------------------------------
The average performance is : 318.0722207773553  in round  4143
The average performance is : 368.0679091767571  in round  4391
The average performance is : 279.25113672696267  in round  4551
The average performance is : 276.11820741385003  in round  4709
The average performance is : 296.29278210341096  in round  4886
Step  5000
---------------------------------------
Evaluation over 10 episodes: 318.856
---------------------------------------
The average performance is : 341.24493340651026  in round  5110
The average performance is : 531.6385346691163  in round  5453
The average performance is : 2.669989290984118  in round  5540
The average performance is : -14.080166016265188  in round  5609
The average performance is : 1.289474710724762  in round  5641
The average performance is : -5.229248826121109  in round  5688
The average performance is : 0.04230301357377386  in round  5714
The average performance is : 4.170718006736273  in round  5748
Step  6000
---------------------------------------
Evaluation over 10 episodes: 381.809
---------------------------------------
The average performance is : 451.0524340121955  in round  6021
The average performance is : 249.64878395438274  in round  6185
The average performance is : 391.2949604858147  in round  6411
The average performance is : 470.77499271788713  in round  6665
The average performance is : 327.53524537079346  in round  6850
Step  7000
---------------------------------------
Evaluation over 10 episodes: 413.513
---------------------------------------
The average performance is : 374.6339802020447  in round  7052
The average performance is : 354.5035051605696  in round  7260
The average performance is : 361.8928376039631  in round  7477
The average performance is : 263.50424391048256  in round  7624
The average performance is : 379.72709033247395  in round  7829
Step  8000
---------------------------------------
Evaluation over 10 episodes: 328.555
---------------------------------------
The average performance is : 370.7964111896426  in round  8029
The average performance is : 282.71282899246813  in round  8198
The average performance is : 298.60820770014436  in round  8370
The average performance is : 380.9701986271759  in round  8590
The average performance is : 405.4214646676625  in round  8810
Step  9000
---------------------------------------
Evaluation over 10 episodes: 380.998
---------------------------------------
The average performance is : 391.79909023668097  in round  9064
The average performance is : 371.62201115565716  in round  9277
The average performance is : 348.65669547415115  in round  9479
The average performance is : 448.6593959619074  in round  9714
The average performance is : 434.3604085770571  in round  9946
Step  10000
---------------------------------------
Evaluation over 10 episodes: 441.054
---------------------------------------
The average performance is : 121.84887881874398  in round  10109
The average performance is : 466.0890496924516  in round  10364
The average performance is : 380.9846834033965  in round  10579
